mode: set
/Users/xsellco/github/college/lowest-common-ancestors/go/lca.go:8.65,9.43 1 1
/Users/xsellco/github/college/lowest-common-ancestors/go/lca.go:17.2,17.22 1 1
/Users/xsellco/github/college/lowest-common-ancestors/go/lca.go:23.2,23.23 1 1
/Users/xsellco/github/college/lowest-common-ancestors/go/lca.go:29.2,29.48 1 1
/Users/xsellco/github/college/lowest-common-ancestors/go/lca.go:33.2,33.12 1 1
/Users/xsellco/github/college/lowest-common-ancestors/go/lca.go:9.43,10.49 1 1
/Users/xsellco/github/college/lowest-common-ancestors/go/lca.go:10.49,12.4 1 1
/Users/xsellco/github/college/lowest-common-ancestors/go/lca.go:12.9,14.4 1 1
/Users/xsellco/github/college/lowest-common-ancestors/go/lca.go:17.22,18.59 1 1
/Users/xsellco/github/college/lowest-common-ancestors/go/lca.go:18.59,20.4 1 1
/Users/xsellco/github/college/lowest-common-ancestors/go/lca.go:23.23,24.61 1 1
/Users/xsellco/github/college/lowest-common-ancestors/go/lca.go:24.61,26.4 1 1
/Users/xsellco/github/college/lowest-common-ancestors/go/lca.go:29.48,31.3 1 1
/Users/xsellco/github/college/lowest-common-ancestors/go/lca.go:36.47,37.18 1 1
/Users/xsellco/github/college/lowest-common-ancestors/go/lca.go:41.2,42.25 2 1
/Users/xsellco/github/college/lowest-common-ancestors/go/lca.go:50.2,51.26 2 1
/Users/xsellco/github/college/lowest-common-ancestors/go/lca.go:59.2,59.28 1 1
/Users/xsellco/github/college/lowest-common-ancestors/go/lca.go:37.18,39.3 1 1
/Users/xsellco/github/college/lowest-common-ancestors/go/lca.go:42.25,43.24 1 1
/Users/xsellco/github/college/lowest-common-ancestors/go/lca.go:43.24,45.4 1 1
/Users/xsellco/github/college/lowest-common-ancestors/go/lca.go:45.9,47.4 1 1
/Users/xsellco/github/college/lowest-common-ancestors/go/lca.go:51.26,52.25 1 1
/Users/xsellco/github/college/lowest-common-ancestors/go/lca.go:52.25,54.4 1 1
/Users/xsellco/github/college/lowest-common-ancestors/go/lca.go:54.9,56.4 1 1
